[21428:19436:0528/100255.776:INFO:CONSOLE(58)] "Using profile voyager-web-feed for route feed.index.index", source: https://static-exp1.licdn.com/sc/h/6oydvamu0ccyz6bjubzwr4zq1 (58)
[21428:19436:0528/100256.150:ERROR:device_event_log_impl.cc(214)] [10:02:56.150] USB: usb_device_handle_win.cc:1054 Failed to read descriptor from node connection: A device attached to the system is not functioning. (0x1F)
[21428:19436:0528/100256.151:ERROR:device_event_log_impl.cc(214)] [10:02:56.151] USB: usb_device_handle_win.cc:1054 Failed to read descriptor from node connection: A device attached to the system is not functioning. (0x1F)
[21428:19436:0528/100256.718:INFO:CONSOLE(462)] "quill Overwriting modules/clipboard with class extends i{onPaste(e){var t
if(null===(t=e.clipboardData)||void 0===t?void 0:t.getData("text/link-preview")){const t=this.quill.getSelection()
if(!t)return super.onPaste(e)
e.preventDefault()
const i=e.clipboardData.getData("text/plain"),r=(new n).retain(t.index).delete(t.length).insert(i)
this.quill.updateContents(r,"silent")
const a=i.length+t.index,o=0
this.quill.setSelection(a,o,"silent")}return super.onPaste(e)}}", source: https://static-exp1.licdn.com/sc/h/bo45nv088l7tyo5hiqvdsh4jl (462)
[21428:19436:0528/100257.187:INFO:CONSOLE(14951)] "This response was unable to be parsed as json. ", source: https://static-exp1.licdn.com/sc/h/70ypn22y8w07uxiotwfxdl4f0 (14951)
[21428:19436:0528/100257.697:INFO:CONSOLE(14951)] "This response was unable to be parsed as json. ", source: https://static-exp1.licdn.com/sc/h/70ypn22y8w07uxiotwfxdl4f0 (14951)
[21428:19436:0528/100258.042:INFO:CONSOLE(8)] "visitor.publishDestinations() result: Attempted to attach and load the destination publishing iframe through this API call. Result: The destination publishing iframe was attached and loaded successfully.", source: https://platform.linkedin.com/litms/utag/voyager-web-feed/utag.js?cb=1622176200000 (8)
[21428:19436:0528/100258.172:INFO:CONSOLE(14951)] "This response was unable to be parsed as json. ", source: https://static-exp1.licdn.com/sc/h/70ypn22y8w07uxiotwfxdl4f0 (14951)
[21428:19436:0528/100258.598:INFO:CONSOLE(14951)] "This response was unable to be parsed as json. ", source: https://static-exp1.licdn.com/sc/h/70ypn22y8w07uxiotwfxdl4f0 (14951)
[21428:19436:0528/100259.019:INFO:CONSOLE(14951)] "This response was unable to be parsed as json. ", source: https://static-exp1.licdn.com/sc/h/70ypn22y8w07uxiotwfxdl4f0 (14951)
[21428:19436:0528/100259.445:INFO:CONSOLE(14951)] "This response was unable to be parsed as json. ", source: https://static-exp1.licdn.com/sc/h/70ypn22y8w07uxiotwfxdl4f0 (14951)
[21428:19436:0528/100301.246:INFO:CONSOLE(58)] "Using profile voyager-web-mynetwork for route mynetwork.index", source: https://static-exp1.licdn.com/sc/h/6oydvamu0ccyz6bjubzwr4zq1 (58)
[21428:19436:0528/100301.548:INFO:CONSOLE(14951)] "This response was unable to be parsed as json. ", source: https://static-exp1.licdn.com/sc/h/70ypn22y8w07uxiotwfxdl4f0 (14951)
[21428:19436:0528/100301.724:INFO:CONSOLE(14951)] "This response was unable to be parsed as json. ", source: https://static-exp1.licdn.com/sc/h/70ypn22y8w07uxiotwfxdl4f0 (14951)
[21428:19436:0528/100302.861:WARNING:pref_notifier_impl.cc(40)] Pref observer for media_router.cast_allow_all_ips found at shutdown.
